<?xml version="1.0" encoding="UTF-8"?>
<robot generator="Robot 7.3.2 (Python 3.13.3 on linux)" generated="2025-11-15T16:11:21.131102" rpa="false" schemaversion="5">
<suite id="s1" name="Tests" source="/home/user/Koulu/OHTU/webcounter/webcounter/src/tests">
<suite id="s1-s1" name="Increment" source="/home/user/Koulu/OHTU/webcounter/webcounter/src/tests/increment.robot">
<kw name="Open And Configure Browser" owner="resource" type="SETUP">
<kw name="Set Selenium Speed" owner="SeleniumLibrary">
<arg>${DELAY}</arg>
<doc>Sets the delay that is waited after each Selenium command.</doc>
<status status="PASS" start="2025-11-15T16:11:21.253121" elapsed="0.000236"/>
</kw>
<kw name="Open Browser" owner="SeleniumLibrary">
<msg time="2025-11-15T16:11:21.253670" level="INFO">Opening browser 'chrome' to base url 'None'.</msg>
<arg>browser=${BROWSER}</arg>
<doc>Opens a new browser instance to the optional ``url``.</doc>
<status status="PASS" start="2025-11-15T16:11:21.253492" elapsed="0.517913"/>
</kw>
<status status="PASS" start="2025-11-15T16:11:21.252636" elapsed="0.518948"/>
</kw>
<test id="s1-s1-t1" name="At start the counter is zero" line="7">
<kw name="Go To" owner="SeleniumLibrary">
<msg time="2025-11-15T16:11:21.772339" level="INFO">Opening url 'http://localhost:5001'</msg>
<arg>${HOME_URL}</arg>
<doc>Navigates the current browser window to the provided ``url``.</doc>
<status status="PASS" start="2025-11-15T16:11:21.772184" elapsed="0.548226"/>
</kw>
<kw name="Title Should Be" owner="SeleniumLibrary">
<msg time="2025-11-15T16:11:22.827053" level="INFO">Page title is 'Laskuri'.</msg>
<arg>Laskuri</arg>
<doc>Verifies that the current page title equals ``title``.</doc>
<status status="PASS" start="2025-11-15T16:11:22.321018" elapsed="0.506267"/>
</kw>
<kw name="Page Should Contain" owner="SeleniumLibrary">
<msg time="2025-11-15T16:11:23.843564" level="INFO">Current page contains text 'nappia painettu 0 kertaa'.</msg>
<arg>nappia painettu 0 kertaa</arg>
<doc>Verifies that current page contains ``text``.</doc>
<status status="PASS" start="2025-11-15T16:11:22.827664" elapsed="1.016023"/>
</kw>
<status status="PASS" start="2025-11-15T16:11:21.771718" elapsed="2.072189"/>
</test>
<test id="s1-s1-t2" name="When button pressed twice the counter is two" line="12">
<kw name="Go To" owner="SeleniumLibrary">
<msg time="2025-11-15T16:11:23.844595" level="INFO">Opening url 'http://localhost:5001'</msg>
<arg>${HOME_URL}</arg>
<doc>Navigates the current browser window to the provided ``url``.</doc>
<status status="PASS" start="2025-11-15T16:11:23.844459" elapsed="0.520216"/>
</kw>
<kw name="Click Button" owner="SeleniumLibrary">
<msg time="2025-11-15T16:11:24.365267" level="INFO">Clicking button 'Paina'.</msg>
<arg>Paina</arg>
<doc>Clicks the button identified by ``locator``.</doc>
<status status="PASS" start="2025-11-15T16:11:24.364914" elapsed="2.089548"/>
</kw>
<kw name="Click Button" owner="SeleniumLibrary">
<msg time="2025-11-15T16:11:26.456161" level="INFO">Clicking button 'Paina'.</msg>
<arg>Paina</arg>
<doc>Clicks the button identified by ``locator``.</doc>
<status status="PASS" start="2025-11-15T16:11:26.455440" elapsed="2.136657"/>
</kw>
<kw name="Page Should Contain" owner="SeleniumLibrary">
<msg time="2025-11-15T16:11:29.613802" level="INFO">Current page contains text 'nappia painettu 2 kertaa'.</msg>
<arg>nappia painettu 2 kertaa</arg>
<doc>Verifies that current page contains ``text``.</doc>
<status status="PASS" start="2025-11-15T16:11:28.592380" elapsed="1.021541"/>
</kw>
<status status="PASS" start="2025-11-15T16:11:23.844156" elapsed="5.770016"/>
</test>
<kw name="Close Browser" owner="SeleniumLibrary" type="TEARDOWN">
<doc>Closes the current browser.</doc>
<status status="PASS" start="2025-11-15T16:11:29.614822" elapsed="0.564192"/>
</kw>
<status status="PASS" start="2025-11-15T16:11:21.148858" elapsed="9.030267"/>
</suite>
<suite id="s1-s2" name="Reset" source="/home/user/Koulu/OHTU/webcounter/webcounter/src/tests/reset.robot">
<kw name="Open And Configure Browser" owner="resource" type="SETUP">
<kw name="Set Selenium Speed" owner="SeleniumLibrary">
<arg>${DELAY}</arg>
<doc>Sets the delay that is waited after each Selenium command.</doc>
<status status="PASS" start="2025-11-15T16:11:30.181692" elapsed="0.000292"/>
</kw>
<kw name="Open Browser" owner="SeleniumLibrary">
<msg time="2025-11-15T16:11:30.182449" level="INFO">Opening browser 'chrome' to base url 'None'.</msg>
<arg>browser=${BROWSER}</arg>
<doc>Opens a new browser instance to the optional ``url``.</doc>
<status status="PASS" start="2025-11-15T16:11:30.182182" elapsed="0.523786"/>
</kw>
<status status="PASS" start="2025-11-15T16:11:30.181490" elapsed="0.524625"/>
</kw>
<test id="s1-s2-t1" name="When counter has a nonzero value and it is reset the value becomes zero" line="7">
<kw name="Go To" owner="SeleniumLibrary">
<msg time="2025-11-15T16:11:30.706866" level="INFO">Opening url 'http://localhost:5001'</msg>
<arg>${HOME_URL}</arg>
<doc>Navigates the current browser window to the provided ``url``.</doc>
<status status="PASS" start="2025-11-15T16:11:30.706711" elapsed="0.547835"/>
</kw>
<kw name="Title Should Be" owner="SeleniumLibrary">
<msg time="2025-11-15T16:11:31.763694" level="INFO">Page title is 'Laskuri'.</msg>
<arg>Laskuri</arg>
<doc>Verifies that the current page title equals ``title``.</doc>
<status status="PASS" start="2025-11-15T16:11:31.255064" elapsed="0.508787"/>
</kw>
<kw name="Click Button" owner="SeleniumLibrary">
<msg time="2025-11-15T16:11:31.764478" level="INFO">Clicking button 'Paina'.</msg>
<arg>Paina</arg>
<doc>Clicks the button identified by ``locator``.</doc>
<status status="PASS" start="2025-11-15T16:11:31.764204" elapsed="2.101545"/>
</kw>
<kw name="Click Button" owner="SeleniumLibrary">
<msg time="2025-11-15T16:11:33.866183" level="INFO">Clicking button 'Paina'.</msg>
<arg>Paina</arg>
<doc>Clicks the button identified by ``locator``.</doc>
<status status="PASS" start="2025-11-15T16:11:33.865982" elapsed="2.118369"/>
</kw>
<kw name="Click Button" owner="SeleniumLibrary">
<msg time="2025-11-15T16:11:35.984913" level="INFO">Clicking button 'Nollaa'.</msg>
<arg>Nollaa</arg>
<doc>Clicks the button identified by ``locator``.</doc>
<status status="PASS" start="2025-11-15T16:11:35.984625" elapsed="2.177484"/>
</kw>
<kw name="Page Should Contain" owner="SeleniumLibrary">
<msg time="2025-11-15T16:11:39.182360" level="INFO">Current page contains text 'nappia painettu 0 kertaa'.</msg>
<arg>nappia painettu 0 kertaa</arg>
<doc>Verifies that current page contains ``text``.</doc>
<status status="PASS" start="2025-11-15T16:11:38.162348" elapsed="1.020347"/>
</kw>
<status status="PASS" start="2025-11-15T16:11:30.706263" elapsed="8.477257"/>
</test>
<kw name="Close Browser" owner="SeleniumLibrary" type="TEARDOWN">
<doc>Closes the current browser.</doc>
<status status="PASS" start="2025-11-15T16:11:39.185084" elapsed="0.555176"/>
</kw>
<status status="PASS" start="2025-11-15T16:11:30.179687" elapsed="9.560650"/>
</suite>
<status status="PASS" start="2025-11-15T16:11:21.131741" elapsed="18.609259"/>
</suite>
<statistics>
<total>
<stat pass="3" fail="0" skip="0">All Tests</stat>
</total>
<tag>
</tag>
<suite>
<stat name="Tests" id="s1" pass="3" fail="0" skip="0">Tests</stat>
<stat name="Increment" id="s1-s1" pass="2" fail="0" skip="0">Tests.Increment</stat>
<stat name="Reset" id="s1-s2" pass="1" fail="0" skip="0">Tests.Reset</stat>
</suite>
</statistics>
<errors>
</errors>
</robot>
